<?xml version="1.0" encoding="UTF-8"?>
<!-- Generated by org.testng.reporters.JUnitReportReporter -->
<testsuite skipped="0" hostname="prdxn12" name="com.events.Share_Functionality" tests="1" failures="0" timestamp="2019-11-19T19:34:16 IST" time="53.475" errors="0">
  <testcase name="demofunction" time="53.475" classname="com.events.Share_Functionality"/>
</testsuite> <!-- com.events.Share_Functionality -->
